cl : command line warning D9035: option 'Gm' has been deprecated and will be removed in a future release
  GSPlay.cpp
C:\Users\zinct\Downloads\Compressed\Programming_anim\TrainingFramework\src\GameStates\GSPlay.cpp(58,60): warning C4244: 'argument': conversion from 'int' to 'GLfloat', possible loss of data
C:\Users\zinct\Downloads\Compressed\Programming_anim\TrainingFramework\src\GameStates\GSPlay.cpp(58,42): warning C4244: 'argument': conversion from 'int' to 'GLfloat', possible loss of data
C:\Users\zinct\Downloads\Compressed\Programming_anim\TrainingFramework\src\GameStates\GSPlay.cpp(66,50): warning C4244: 'argument': conversion from 'int' to 'GLfloat', possible loss of data
C:\Users\zinct\Downloads\Compressed\Programming_anim\TrainingFramework\src\GameStates\GSPlay.cpp(66,35): warning C4244: 'argument': conversion from 'int' to 'GLfloat', possible loss of data
C:\Users\zinct\Downloads\Compressed\Programming_anim\TrainingFramework\src\GameStates\GSPlay.cpp(75,52): warning C4244: 'argument': conversion from 'int' to 'GLfloat', possible loss of data
C:\Users\zinct\Downloads\Compressed\Programming_anim\TrainingFramework\src\GameStates\GSPlay.cpp(75,37): warning C4244: 'argument': conversion from 'int' to 'GLfloat', possible loss of data
C:\Users\zinct\Downloads\Compressed\Programming_anim\TrainingFramework\src\GameStates\GSPlay.cpp(81,52): warning C4244: 'argument': conversion from 'int' to 'GLfloat', possible loss of data
C:\Users\zinct\Downloads\Compressed\Programming_anim\TrainingFramework\src\GameStates\GSPlay.cpp(81,37): warning C4244: 'argument': conversion from 'int' to 'GLfloat', possible loss of data
C:\Users\zinct\Downloads\Compressed\Programming_anim\TrainingFramework\src\GameStates\GSPlay.cpp(89,36): warning C4244: 'argument': conversion from 'int' to 'GLfloat', possible loss of data
C:\Users\zinct\Downloads\Compressed\Programming_anim\TrainingFramework\src\GameStates\GSPlay.cpp(99,40): warning C4244: 'argument': conversion from 'int' to 'GLfloat', possible loss of data
C:\Program Files (x86)\Microsoft Visual Studio\2019\Community\VC\Tools\MSVC\14.24.28314\include\xmemory(204,33): warning C4244: 'argument': conversion from '_Ty' to 'float', possible loss of data
          with
          [
              _Ty=double
          ]
C:\Program Files (x86)\Microsoft Visual Studio\2019\Community\VC\Tools\MSVC\14.24.28314\include\memory(1491): message : see reference to function template instantiation 'void std::_Construct_in_place<_Ty,std::shared_ptr<Shaders>&,std::shared_ptr<Font>&,std::basic_string<char,std::char_traits<char>,std::allocator<char>>,TEXT_COLOR,double>(_Ty &,std::shared_ptr<Shaders> &,std::shared_ptr<Font> &,std::basic_string<char,std::char_traits<char>,std::allocator<char>> &&,TEXT_COLOR &&,double &&) noexcept(false)' being compiled
          with
          [
              _Ty=Text
          ]
C:\Program Files (x86)\Microsoft Visual Studio\2019\Community\VC\Tools\MSVC\14.24.28314\include\memory(1591): message : see reference to function template instantiation 'std::_Ref_count_obj2<_Ty>::_Ref_count_obj2<std::shared_ptr<Shaders>&,std::shared_ptr<Font>&,std::basic_string<char,std::char_traits<char>,std::allocator<char>>,TEXT_COLOR,double>(std::shared_ptr<Shaders> &,std::shared_ptr<Font> &,std::basic_string<char,std::char_traits<char>,std::allocator<char>> &&,TEXT_COLOR &&,double &&)' being compiled
          with
          [
              _Ty=Text
          ]
C:\Program Files (x86)\Microsoft Visual Studio\2019\Community\VC\Tools\MSVC\14.24.28314\include\memory(1591): message : see reference to function template instantiation 'std::_Ref_count_obj2<_Ty>::_Ref_count_obj2<std::shared_ptr<Shaders>&,std::shared_ptr<Font>&,std::basic_string<char,std::char_traits<char>,std::allocator<char>>,TEXT_COLOR,double>(std::shared_ptr<Shaders> &,std::shared_ptr<Font> &,std::basic_string<char,std::char_traits<char>,std::allocator<char>> &&,TEXT_COLOR &&,double &&)' being compiled
          with
          [
              _Ty=Text
          ]
C:\Users\zinct\Downloads\Compressed\Programming_anim\TrainingFramework\src\GameStates\GSPlay.cpp(110): message : see reference to function template instantiation 'std::shared_ptr<Text> std::make_shared<Text,std::shared_ptr<Shaders>&,std::shared_ptr<Font>&,std::basic_string<char,std::char_traits<char>,std::allocator<char>>,TEXT_COLOR,double>(std::shared_ptr<Shaders> &,std::shared_ptr<Font> &,std::basic_string<char,std::char_traits<char>,std::allocator<char>> &&,TEXT_COLOR &&,double &&)' being compiled
  TrainingFramework.vcxproj -> C:\Users\zinct\Downloads\Compressed\Programming_anim\\BIN-Nvidia\TrainingFramework.exe
